<?xml version="1.0" encoding="UTF-8"?>
<testsuite xmlns:xsi="http://www.w3.org/2001/XMLSchema-instance" xsi:noNamespaceSchemaLocation="https://maven.apache.org/surefire/maven-surefire-plugin/xsd/surefire-test-report.xsd" version="3.0.2" name="com.bank.service.AccountServiceImplTest" time="3.37" tests="14" errors="0" skipped="0" failures="0">
  <properties>
[...]
</properties>
  <testcase name="transfer_movesFundsBetweenDistinctAccounts" classname="com.bank.service.AccountServiceImplTest" time="2.785">
    <system-err><![CDATA[Mockito is currently self-attaching to enable the inline-mock-maker. This will no longer work in future releases of the JDK. Please add Mockito as an agent to your build as described in Mockito's documentation: https://javadoc.io/doc/org.mockito/mockito-core/latest/org/mockito/Mockito.html#0.3
]]></system-err>
  </testcase>
  <testcase name="getBalance_throwsWhenAccountDoesNotExist" classname="com.bank.service.AccountServiceImplTest" time="0.005"/>
  <testcase name="login_rejectsIncorrectPin" classname="com.bank.service.AccountServiceImplTest" time="0.198"/>
  <testcase name="deposit_rejectsNonPositiveAmount" classname="com.bank.service.AccountServiceImplTest" time="0.009"/>
  <testcase name="withdraw_debitsAccountWhenFundsAreAvailable" classname="com.bank.service.AccountServiceImplTest" time="0.007"/>
  <testcase name="withdraw_rejectsWhenFundsAreInsufficient" classname="com.bank.service.AccountServiceImplTest" time="0.006"/>
  <testcase name="login_returnsAccountWhenCredentialsAreValid" classname="com.bank.service.AccountServiceImplTest" time="0.154"/>
  <testcase name="register_createsAccountWhenPinIsValid" classname="com.bank.service.AccountServiceImplTest" time="0.163"/>
  <testcase name="getHistory_returnsRecentTransactions" classname="com.bank.service.AccountServiceImplTest" time="0.008"/>
  <testcase name="transfer_rejectsTransferToTheSameAccount" classname="com.bank.service.AccountServiceImplTest" time="0.004"/>
  <testcase name="deposit_creditsAccountWhenAmountIsValid" classname="com.bank.service.AccountServiceImplTest" time="0.004"/>
  <testcase name="getBalance_returnsCurrentBalance" classname="com.bank.service.AccountServiceImplTest" time="0.004"/>
  <testcase name="getHistory_throwsWhenAccountDoesNotExist" classname="com.bank.service.AccountServiceImplTest" time="0.0"/>
  <testcase name="register_rejectsPinThatIsNotFourDigits" classname="com.bank.service.AccountServiceImplTest" time="0.008"/>
</testsuite>